<?xml version="1.0" encoding="UTF-8"?>
<testng-results ignored="0" total="4" passed="3" failed="1" skipped="0">
  <reporter-output>
  </reporter-output>
  <suite started-at="2022-05-29T23:17:15 IST" name="twitterSuite" finished-at="2022-05-29T23:18:38 IST" duration-ms="83152">
    <groups>
    </groups>
    <test started-at="2022-05-29T23:17:15 IST" name="Chrome" finished-at="2022-05-29T23:17:57 IST" duration-ms="42013">
      <class name="Twitter.VerifyExploreFunctionalityAndSearchTab">
        <test-method is-config="true" signature="launchBrowser(java.lang.String)[pri:0, instance:Twitter.VerifyExploreFunctionalityAndSearchTab@9225652]" started-at="2022-05-29T23:17:15 IST" name="launchBrowser" finished-at="2022-05-29T23:17:18 IST" duration-ms="2624" status="PASS">
          <params>
            <param index="0">
              <value>
                <![CDATA[Chrome]]>
              </value>
            </param>
          </params>
          <reporter-output>
          </reporter-output>
        </test-method> <!-- launchBrowser -->
        <test-method is-config="true" signature="BrowserLaunch()[pri:0, instance:Twitter.VerifyExploreFunctionalityAndSearchTab@9225652]" started-at="2022-05-29T23:17:19 IST" name="BrowserLaunch" finished-at="2022-05-29T23:17:19 IST" duration-ms="71" status="PASS">
          <reporter-output>
          </reporter-output>
        </test-method> <!-- BrowserLaunch -->
        <test-method is-config="true" signature="logIntoTheApplication()[pri:0, instance:Twitter.VerifyExploreFunctionalityAndSearchTab@9225652]" started-at="2022-05-29T23:17:19 IST" name="logIntoTheApplication" finished-at="2022-05-29T23:17:31 IST" duration-ms="11423" status="PASS">
          <reporter-output>
          </reporter-output>
        </test-method> <!-- logIntoTheApplication -->
        <test-method signature="verifyexploreButtonAndSearchTabWithUserName()[pri:0, instance:Twitter.VerifyExploreFunctionalityAndSearchTab@9225652]" started-at="2022-05-29T23:17:31 IST" name="verifyexploreButtonAndSearchTabWithUserName" finished-at="2022-05-29T23:17:39 IST" duration-ms="7886" status="FAIL">
          <exception class="java.lang.AssertionError">
            <message>
              <![CDATA[expected [https://twitter.com/explore] but found [https://twitter.com/Cristiano]]]>
            </message>
            <full-stacktrace>
              <![CDATA[java.lang.AssertionError: expected [https://twitter.com/explore] but found [https://twitter.com/Cristiano]
at org.testng.Assert.fail(Assert.java:99)
at org.testng.Assert.failNotEquals(Assert.java:1037)
at org.testng.Assert.assertEqualsImpl(Assert.java:140)
at org.testng.Assert.assertEquals(Assert.java:122)
at org.testng.Assert.assertEquals(Assert.java:629)
at org.testng.Assert.assertEquals(Assert.java:639)
at Twitter.VerifyExploreFunctionalityAndSearchTab.verifyexploreButtonAndSearchTabWithUserName(VerifyExploreFunctionalityAndSearchTab.java:74)
at java.base/jdk.internal.reflect.NativeMethodAccessorImpl.invoke0(Native Method)
at java.base/jdk.internal.reflect.NativeMethodAccessorImpl.invoke(NativeMethodAccessorImpl.java:77)
at java.base/jdk.internal.reflect.DelegatingMethodAccessorImpl.invoke(DelegatingMethodAccessorImpl.java:43)
at java.base/java.lang.reflect.Method.invoke(Method.java:568)
at org.testng.internal.MethodInvocationHelper.invokeMethod(MethodInvocationHelper.java:133)
at org.testng.internal.TestInvoker.invokeMethod(TestInvoker.java:598)
at org.testng.internal.TestInvoker.invokeTestMethod(TestInvoker.java:173)
at org.testng.internal.MethodRunner.runInSequence(MethodRunner.java:46)
at org.testng.internal.TestInvoker$MethodInvocationAgent.invoke(TestInvoker.java:824)
at org.testng.internal.TestInvoker.invokeTestMethods(TestInvoker.java:146)
at org.testng.internal.TestMethodWorker.invokeTestMethods(TestMethodWorker.java:146)
at org.testng.internal.TestMethodWorker.run(TestMethodWorker.java:128)
at java.base/java.util.concurrent.ThreadPoolExecutor.runWorker(ThreadPoolExecutor.java:1136)
at java.base/java.util.concurrent.ThreadPoolExecutor$Worker.run(ThreadPoolExecutor.java:635)
at java.base/java.lang.Thread.run(Thread.java:833)
]]>
            </full-stacktrace>
          </exception> <!-- java.lang.AssertionError -->
          <reporter-output>
          </reporter-output>
        </test-method> <!-- verifyexploreButtonAndSearchTabWithUserName -->
        <test-method is-config="true" signature="LogOutFromApplication()[pri:0, instance:Twitter.VerifyExploreFunctionalityAndSearchTab@9225652]" started-at="2022-05-29T23:17:39 IST" name="LogOutFromApplication" finished-at="2022-05-29T23:17:45 IST" duration-ms="6429" status="PASS">
          <reporter-output>
          </reporter-output>
        </test-method> <!-- LogOutFromApplication -->
        <test-method is-config="true" signature="browserClose()[pri:0, instance:Twitter.VerifyExploreFunctionalityAndSearchTab@9225652]" started-at="2022-05-29T23:17:45 IST" name="browserClose" finished-at="2022-05-29T23:17:45 IST" duration-ms="0" status="PASS">
          <reporter-output>
          </reporter-output>
        </test-method> <!-- browserClose -->
        <test-method is-config="true" signature="closeBrowser()[pri:0, instance:Twitter.VerifyExploreFunctionalityAndSearchTab@9225652]" started-at="2022-05-29T23:17:49 IST" name="closeBrowser" finished-at="2022-05-29T23:17:56 IST" duration-ms="7556" status="PASS">
          <reporter-output>
          </reporter-output>
        </test-method> <!-- closeBrowser -->
      </class> <!-- Twitter.VerifyExploreFunctionalityAndSearchTab -->
      <class name="Twitter.VerifyTweetButtonAndFinalTweetButton">
        <test-method is-config="true" signature="launchBrowser(java.lang.String)[pri:0, instance:Twitter.VerifyTweetButtonAndFinalTweetButton@1700915]" started-at="2022-05-29T23:17:18 IST" name="launchBrowser" finished-at="2022-05-29T23:17:19 IST" duration-ms="1332" status="PASS">
          <params>
            <param index="0">
              <value>
                <![CDATA[Chrome]]>
              </value>
            </param>
          </params>
          <reporter-output>
          </reporter-output>
        </test-method> <!-- launchBrowser -->
        <test-method is-config="true" signature="BrowserLaunch()[pri:0, instance:Twitter.VerifyTweetButtonAndFinalTweetButton@1700915]" started-at="2022-05-29T23:17:19 IST" name="BrowserLaunch" finished-at="2022-05-29T23:17:19 IST" duration-ms="71" status="PASS">
          <reporter-output>
          </reporter-output>
        </test-method> <!-- BrowserLaunch -->
        <test-method is-config="true" signature="logIntoTheApplication()[pri:0, instance:Twitter.VerifyTweetButtonAndFinalTweetButton@1700915]" started-at="2022-05-29T23:17:19 IST" name="logIntoTheApplication" finished-at="2022-05-29T23:17:31 IST" duration-ms="11961" status="PASS">
          <reporter-output>
          </reporter-output>
        </test-method> <!-- logIntoTheApplication -->
        <test-method signature="VerifyTweetButtonAndFinalT()[pri:0, instance:Twitter.VerifyTweetButtonAndFinalTweetButton@1700915]" started-at="2022-05-29T23:17:31 IST" name="VerifyTweetButtonAndFinalT" finished-at="2022-05-29T23:17:45 IST" duration-ms="14177" status="PASS">
          <reporter-output>
          </reporter-output>
        </test-method> <!-- VerifyTweetButtonAndFinalT -->
        <test-method is-config="true" signature="LogOutFromApplication()[pri:0, instance:Twitter.VerifyTweetButtonAndFinalTweetButton@1700915]" started-at="2022-05-29T23:17:45 IST" name="LogOutFromApplication" finished-at="2022-05-29T23:17:49 IST" duration-ms="3439" status="PASS">
          <reporter-output>
          </reporter-output>
        </test-method> <!-- LogOutFromApplication -->
        <test-method is-config="true" signature="browserClose()[pri:0, instance:Twitter.VerifyTweetButtonAndFinalTweetButton@1700915]" started-at="2022-05-29T23:17:49 IST" name="browserClose" finished-at="2022-05-29T23:17:49 IST" duration-ms="0" status="PASS">
          <reporter-output>
          </reporter-output>
        </test-method> <!-- browserClose -->
        <test-method is-config="true" signature="closeBrowser()[pri:0, instance:Twitter.VerifyTweetButtonAndFinalTweetButton@1700915]" started-at="2022-05-29T23:17:56 IST" name="closeBrowser" finished-at="2022-05-29T23:17:57 IST" duration-ms="808" status="PASS">
          <reporter-output>
          </reporter-output>
        </test-method> <!-- closeBrowser -->
      </class> <!-- Twitter.VerifyTweetButtonAndFinalTweetButton -->
    </test> <!-- Chrome -->
    <test started-at="2022-05-29T23:17:57 IST" name="MicrosoftEdge" finished-at="2022-05-29T23:18:38 IST" duration-ms="41030">
      <class name="Twitter.VerifyExploreFunctionalityAndSearchTab">
        <test-method is-config="true" signature="launchBrowser(java.lang.String)[pri:0, instance:Twitter.VerifyExploreFunctionalityAndSearchTab@333291e3]" started-at="2022-05-29T23:17:57 IST" name="launchBrowser" finished-at="2022-05-29T23:18:05 IST" duration-ms="7308" status="PASS">
          <params>
            <param index="0">
              <value>
                <![CDATA[Edge]]>
              </value>
            </param>
          </params>
          <reporter-output>
          </reporter-output>
        </test-method> <!-- launchBrowser -->
        <test-method is-config="true" signature="BrowserLaunch()[pri:0, instance:Twitter.VerifyExploreFunctionalityAndSearchTab@333291e3]" started-at="2022-05-29T23:18:08 IST" name="BrowserLaunch" finished-at="2022-05-29T23:18:08 IST" duration-ms="3" status="PASS">
          <reporter-output>
          </reporter-output>
        </test-method> <!-- BrowserLaunch -->
        <test-method is-config="true" signature="logIntoTheApplication()[pri:0, instance:Twitter.VerifyExploreFunctionalityAndSearchTab@333291e3]" started-at="2022-05-29T23:18:08 IST" name="logIntoTheApplication" finished-at="2022-05-29T23:18:22 IST" duration-ms="14088" status="PASS">
          <reporter-output>
          </reporter-output>
        </test-method> <!-- logIntoTheApplication -->
        <test-method signature="verifyexploreButtonAndSearchTabWithUserName()[pri:0, instance:Twitter.VerifyExploreFunctionalityAndSearchTab@333291e3]" started-at="2022-05-29T23:18:22 IST" name="verifyexploreButtonAndSearchTabWithUserName" finished-at="2022-05-29T23:18:31 IST" duration-ms="8931" status="PASS">
          <reporter-output>
          </reporter-output>
        </test-method> <!-- verifyexploreButtonAndSearchTabWithUserName -->
        <test-method is-config="true" signature="LogOutFromApplication()[pri:0, instance:Twitter.VerifyExploreFunctionalityAndSearchTab@333291e3]" started-at="2022-05-29T23:18:31 IST" name="LogOutFromApplication" finished-at="2022-05-29T23:18:36 IST" duration-ms="5397" status="PASS">
          <reporter-output>
          </reporter-output>
        </test-method> <!-- LogOutFromApplication -->
        <test-method is-config="true" signature="browserClose()[pri:0, instance:Twitter.VerifyExploreFunctionalityAndSearchTab@333291e3]" started-at="2022-05-29T23:18:36 IST" name="browserClose" finished-at="2022-05-29T23:18:36 IST" duration-ms="0" status="PASS">
          <reporter-output>
          </reporter-output>
        </test-method> <!-- browserClose -->
        <test-method is-config="true" signature="closeBrowser()[pri:0, instance:Twitter.VerifyExploreFunctionalityAndSearchTab@333291e3]" started-at="2022-05-29T23:18:37 IST" name="closeBrowser" finished-at="2022-05-29T23:18:38 IST" duration-ms="562" status="PASS">
          <reporter-output>
          </reporter-output>
        </test-method> <!-- closeBrowser -->
      </class> <!-- Twitter.VerifyExploreFunctionalityAndSearchTab -->
      <class name="Twitter.VerifyTweetButtonAndFinalTweetButton">
        <test-method is-config="true" signature="launchBrowser(java.lang.String)[pri:0, instance:Twitter.VerifyTweetButtonAndFinalTweetButton@479d31f3]" started-at="2022-05-29T23:18:05 IST" name="launchBrowser" finished-at="2022-05-29T23:18:08 IST" duration-ms="3467" status="PASS">
          <params>
            <param index="0">
              <value>
                <![CDATA[Edge]]>
              </value>
            </param>
          </params>
          <reporter-output>
          </reporter-output>
        </test-method> <!-- launchBrowser -->
        <test-method is-config="true" signature="BrowserLaunch()[pri:0, instance:Twitter.VerifyTweetButtonAndFinalTweetButton@479d31f3]" started-at="2022-05-29T23:18:08 IST" name="BrowserLaunch" finished-at="2022-05-29T23:18:08 IST" duration-ms="2" status="PASS">
          <reporter-output>
          </reporter-output>
        </test-method> <!-- BrowserLaunch -->
        <test-method is-config="true" signature="logIntoTheApplication()[pri:0, instance:Twitter.VerifyTweetButtonAndFinalTweetButton@479d31f3]" started-at="2022-05-29T23:18:08 IST" name="logIntoTheApplication" finished-at="2022-05-29T23:18:22 IST" duration-ms="14032" status="PASS">
          <reporter-output>
          </reporter-output>
        </test-method> <!-- logIntoTheApplication -->
        <test-method signature="VerifyTweetButtonAndFinalT()[pri:0, instance:Twitter.VerifyTweetButtonAndFinalTweetButton@479d31f3]" started-at="2022-05-29T23:18:22 IST" name="VerifyTweetButtonAndFinalT" finished-at="2022-05-29T23:18:34 IST" duration-ms="11587" status="PASS">
          <reporter-output>
          </reporter-output>
        </test-method> <!-- VerifyTweetButtonAndFinalT -->
        <test-method is-config="true" signature="LogOutFromApplication()[pri:0, instance:Twitter.VerifyTweetButtonAndFinalTweetButton@479d31f3]" started-at="2022-05-29T23:18:34 IST" name="LogOutFromApplication" finished-at="2022-05-29T23:18:37 IST" duration-ms="3611" status="PASS">
          <reporter-output>
          </reporter-output>
        </test-method> <!-- LogOutFromApplication -->
        <test-method is-config="true" signature="browserClose()[pri:0, instance:Twitter.VerifyTweetButtonAndFinalTweetButton@479d31f3]" started-at="2022-05-29T23:18:37 IST" name="browserClose" finished-at="2022-05-29T23:18:37 IST" duration-ms="0" status="PASS">
          <reporter-output>
          </reporter-output>
        </test-method> <!-- browserClose -->
        <test-method is-config="true" signature="closeBrowser()[pri:0, instance:Twitter.VerifyTweetButtonAndFinalTweetButton@479d31f3]" started-at="2022-05-29T23:18:38 IST" name="closeBrowser" finished-at="2022-05-29T23:18:38 IST" duration-ms="449" status="PASS">
          <reporter-output>
          </reporter-output>
        </test-method> <!-- closeBrowser -->
      </class> <!-- Twitter.VerifyTweetButtonAndFinalTweetButton -->
    </test> <!-- MicrosoftEdge -->
  </suite> <!-- twitterSuite -->
</testng-results>
