<?xml version="1.0" encoding="UTF-8"?>
<!-- Generated by org.testng.reporters.JUnitXMLReporter -->
<testsuite ignored="0" hostname="LAPTOP-SPROEP6A" failures="0" tests="2" name="MicrosoftEdge" time="41.03" errors="0" timestamp="2022-05-29T23:18:38 IST">
  <testcase classname="Twitter.VerifyExploreFunctionalityAndSearchTab" name="verifyexploreButtonAndSearchTabWithUserName" time="8.931"/>
  <testcase classname="Twitter.VerifyTweetButtonAndFinalTweetButton" name="VerifyTweetButtonAndFinalT" time="11.587"/>
</testsuite> <!-- MicrosoftEdge -->
