<?xml version="1.0" encoding="UTF-8"?>
<!-- Generated by org.testng.reporters.JUnitXMLReporter -->
<testsuite ignored="0" hostname="LAPTOP-SPROEP6A" failures="0" tests="2" name="Test1" time="55.394" errors="0" timestamp="2022-05-24T11:29:50 IST">
  <testcase classname="Twitter.VerifyExploreFunctionalityAndSearchTab" name="verifyexploreButtonAndSearchTabWithUserName" time="7.803"/>
  <testcase classname="Twitter.VerifyTweetButtonAndFinalTweetButton" name="VerifyTweetButtonAndFinalT" time="10.636"/>
</testsuite> <!-- Test1 -->
